<?xml version="1.0" encoding="UTF-8"?>
<!-- Generated by org.testng.reporters.JUnitXMLReporter -->
<testsuite ignored="0" hostname="DESKTOP-NTGCBCM" failures="0" tests="3" name="Test" time="17.928" errors="0" timestamp="2023-05-23T21:19:18 IST">
  <testcase classname="testClasspackage.Post_tc_1" name="execute" time="14.25"/>
  <testcase classname="testClasspackage.Post_tc_2" name="execute" time="1.755"/>
  <testcase classname="testClasspackage.Post_tc_3" name="execute" time="1.45"/>
</testsuite> <!-- Test -->
