<?xml version="1.0" encoding="UTF-8"?>
<testng-results ignored="0" total="3" passed="3" failed="0" skipped="0">
  <reporter-output>
  </reporter-output>
  <suite started-at="2023-05-23T21:19:00 IST" name="Suite" finished-at="2023-05-23T21:19:18 IST" duration-ms="17928">
    <groups>
    </groups>
    <test started-at="2023-05-23T21:19:00 IST" name="Test" finished-at="2023-05-23T21:19:18 IST" duration-ms="17928">
      <class name="testClasspackage.Post_tc_3">
        <test-method signature="execute()[pri:0, instance:testClasspackage.Post_tc_3@7161d8d1]" started-at="2023-05-23T21:19:17 IST" name="execute" finished-at="2023-05-23T21:19:18 IST" duration-ms="1450" status="PASS">
          <reporter-output>
          </reporter-output>
        </test-method> <!-- execute -->
      </class> <!-- testClasspackage.Post_tc_3 -->
      <class name="testClasspackage.Post_tc_2">
        <test-method signature="execute()[pri:0, instance:testClasspackage.Post_tc_2@74d1dc36]" started-at="2023-05-23T21:19:15 IST" name="execute" finished-at="2023-05-23T21:19:17 IST" duration-ms="1755" status="PASS">
          <reporter-output>
          </reporter-output>
        </test-method> <!-- execute -->
      </class> <!-- testClasspackage.Post_tc_2 -->
      <class name="testClasspackage.Post_tc_1">
        <test-method signature="execute()[pri:0, instance:testClasspackage.Post_tc_1@54422e18]" started-at="2023-05-23T21:19:01 IST" name="execute" finished-at="2023-05-23T21:19:15 IST" duration-ms="14250" status="PASS">
          <reporter-output>
          </reporter-output>
        </test-method> <!-- execute -->
      </class> <!-- testClasspackage.Post_tc_1 -->
    </test> <!-- Test -->
  </suite> <!-- Suite -->
</testng-results>
